<?xml version="1.0" encoding="UTF-8"?>
<testng-results skipped="0" failed="0" total="1" passed="1">
  <reporter-output>
  </reporter-output>
  <suite name="Default suite" duration-ms="17226" started-at="2021-10-19T07:09:47Z" finished-at="2021-10-19T07:10:05Z">
    <groups>
    </groups>
    <test name="Default test" duration-ms="17226" started-at="2021-10-19T07:09:47Z" finished-at="2021-10-19T07:10:05Z">
      <class name="testcases.LoginTest">
        <test-method status="PASS" signature="loginTest()[pri:0, instance:testcases.LoginTest@1753acfe]" name="loginTest" duration-ms="17188" started-at="2021-10-19T12:39:47Z" finished-at="2021-10-19T12:40:05Z">
          <reporter-output>
          </reporter-output>
        </test-method> <!-- loginTest -->
      </class> <!-- testcases.LoginTest -->
    </test> <!-- Default test -->
  </suite> <!-- Default suite -->
</testng-results>
